<?xml version='1.1' encoding='UTF-8'?>
<result plugin="junit@1.56">
  <suites>
    <suite>
      <file>/var/lib/jenkins/workspace/Build_and_Store_on_Ansible/server/target/surefire-reports/TEST-com.example.TestGreeter.xml</file>
      <name>com.example.TestGreeter</name>
      <duration>0.145</duration>
      <time>0.145</time>
      <enclosingBlocks/>
      <enclosingBlockNames/>
      <cases>
        <case>
          <duration>0.009</duration>
          <className>com.example.TestGreeter</className>
          <testName>greetShouldIncludeGreetingPhrase</testName>
          <skipped>false</skipped>
          <failedSince>0</failedSince>
        </case>
        <case>
          <duration>0.011</duration>
          <className>com.example.TestGreeter</className>
          <testName>greetShouldIncludeTheOneBeingGreeted</testName>
          <skipped>false</skipped>
          <failedSince>0</failedSince>
        </case>
      </cases>
    </suite>
  </suites>
  <duration>0.145</duration>
  <keepLongStdio>false</keepLongStdio>
</result>